#
# There is insufficient memory for the Java Runtime Environment to continue.
# Native memory allocation (malloc) failed to allocate 147856 bytes for Chunk::new
# Possible reasons:
#   The system is out of physical RAM or swap space
#   In 32 bit mode, the process size limit was hit
# Possible solutions:
#   Reduce memory load on the system
#   Increase physical memory or swap space
#   Check if swap backing store is full
#   Use 64 bit Java on a 64 bit OS
#   Decrease Java heap size (-Xmx/-Xms)
#   Decrease number of Java threads
#   Decrease Java thread stack sizes (-Xss)
#   Set larger code cache with -XX:ReservedCodeCacheSize=
# This output file may be truncated or incomplete.
#
#  Out of Memory Error (allocation.cpp:390), pid=3536, tid=0x00000000000034c0
#
# JRE version: Java(TM) SE Runtime Environment (8.0_162-b12) (build 1.8.0_162-b12)
# Java VM: Java HotSpot(TM) 64-Bit Server VM (25.162-b12 mixed mode windows-amd64 compressed oops)
# Failed to write core dump. Minidumps are not enabled by default on client versions of Windows
#

---------------  T H R E A D  ---------------

Current thread (0x000000001de68000):  JavaThread "C2 CompilerThread1" daemon [_thread_in_native, id=13504, stack(0x000000001ed70000,0x000000001ee70000)]

Stack: [0x000000001ed70000,0x000000001ee70000]
[error occurred during error reporting (printing stack bounds), id 0xc0000005]

Native frames: (J=compiled Java code, j=interpreted, Vv=VM code, C=native code)


Current CompileTask:
C2:   2363  660       4       layers.layerCell::getListNeighbors (575 bytes)


---------------  P R O C E S S  ---------------

Java Threads: ( => current thread )
  0x000000001f6c9000 JavaThread "AWT-EventQueue-0" [_thread_in_vm, id=7136, stack(0x0000000023180000,0x0000000023280000)]
  0x000000001f444800 JavaThread "AWT-Windows" daemon [_thread_in_native, id=11212, stack(0x000000001fee0000,0x000000001ffe0000)]
  0x000000001f441000 JavaThread "AWT-Shutdown" [_thread_blocked, id=13084, stack(0x000000001fde0000,0x000000001fee0000)]
  0x000000001f440800 JavaThread "Java2D Disposer" daemon [_thread_blocked, id=3544, stack(0x000000001fce0000,0x000000001fde0000)]
  0x000000001f617800 JavaThread "TimerQueue" daemon [_thread_blocked, id=584, stack(0x000000001fbe0000,0x000000001fce0000)]
  0x000000001df06000 JavaThread "Service Thread" daemon [_thread_blocked, id=11724, stack(0x000000001f070000,0x000000001f170000)]
  0x000000001de69800 JavaThread "C1 CompilerThread3" daemon [_thread_blocked, id=4204, stack(0x000000001ef70000,0x000000001f070000)]
  0x000000001de69000 JavaThread "C2 CompilerThread2" daemon [_thread_in_native, id=6176, stack(0x000000001ee70000,0x000000001ef70000)]
=>0x000000001de68000 JavaThread "C2 CompilerThread1" daemon [_thread_in_native, id=13504, stack(0x000000001ed70000,0x000000001ee70000)]
  0x000000001de62800 JavaThread "C2 CompilerThread0" daemon [_thread_in_native, id=11328, stack(0x000000001ec70000,0x000000001ed70000)]
  0x000000001de54800 JavaThread "JDWP Command Reader" daemon [_thread_in_native, id=4972, stack(0x000000001eb70000,0x000000001ec70000)]
  0x000000001de51800 JavaThread "JDWP Event Helper Thread" daemon [_thread_blocked, id=8592, stack(0x000000001ea70000,0x000000001eb70000)]
  0x000000001de44800 JavaThread "JDWP Transport Listener: dt_socket" daemon [_thread_blocked, id=7700, stack(0x000000001e970000,0x000000001ea70000)]
  0x000000001de39800 JavaThread "Attach Listener" daemon [_thread_blocked, id=6224, stack(0x000000001e530000,0x000000001e630000)]
  0x000000001bf4e000 JavaThread "Signal Dispatcher" daemon [_thread_blocked, id=17264, stack(0x000000001e430000,0x000000001e530000)]
  0x00000000024c9800 JavaThread "Finalizer" daemon [_thread_blocked, id=11896, stack(0x000000001e210000,0x000000001e310000)]
  0x00000000024c8000 JavaThread "Reference Handler" daemon [_thread_blocked, id=13492, stack(0x000000001dd10000,0x000000001de10000)]
  0x00000000023d3000 JavaThread "main" [_thread_in_Java, id=11572, stack(0x00000000022d0000,0x00000000023d0000)]

Other Threads:
  0x000000001bf39800 VMThread [stack: 0x000000001dc10000,0x000000001dd10000] [id=9000]
  0x000000001df10800 WatcherThread [stack: 0x000000001f2e0000,0x000000001f3e0000] [id=15592]

VM state:not at safepoint (normal execution)

VM Mutex/Monitor currently owned by a thread: None

Heap:
 PSYoungGen      total 76288K, used 54276K [0x000000076b100000, 0x0000000770600000, 0x00000007c0000000)
  eden space 65536K, 82% used [0x000000076b100000,0x000000076e601320,0x000000076f100000)
  from space 10752K, 0% used [0x000000076fb80000,0x000000076fb80000,0x0000000770600000)
  to   space 10752K, 0% used [0x000000076f100000,0x000000076f100000,0x000000076fb80000)
 ParOldGen       total 175104K, used 0K [0x00000006c1200000, 0x00000006cbd00000, 0x000000076b100000)
  object space 175104K, 0% used [0x00000006c1200000,0x00000006c1200000,0x00000006cbd00000)
 Metaspace       used 10509K, capacity 10728K, committed 10880K, reserved 1058816K
  class space    used 1291K, capacity 1359K, committed 1408K, reserved 1048576K

Card table byte_map: [0x0000000011890000,0x0000000012090000] byte_map_base: 0x000000000e287000

Marking Bits: (ParMarkBitMap*) 0x0000000055a00860
 Begin Bits: [0x0000000012de0000, 0x0000000016d98000)
 End Bits:   [0x0000000016d98000, 0x000000001ad50000)

Polling page: 0x00000000008f0000

CodeCache: size=245760Kb used=2684Kb max_used=2696Kb free=243075Kb
 bounds [0x00000000024d0000, 0x0000000002780000, 0x00000000114d0000]
 total_blobs=1150 nmethods=680 adapters=391
 compilation: enabled

Compilation events (10 events):
Event: 2.360 Thread 0x000000001de69800  680       1       java.awt.geom.EllipseIterator::getWindingRule (2 bytes)
Event: 2.360 Thread 0x000000001de69800 nmethod 680 0x0000000002769b10 code [0x0000000002769c60, 0x0000000002769d70]
Event: 2.360 Thread 0x000000001de69800  681  s    3       java.awt.geom.Path2D$Float::curveTo (130 bytes)
Event: 2.360 Thread 0x000000001de69800 nmethod 681 0x000000000276cb10 code [0x000000000276cca0, 0x000000000276d188]
Event: 2.360 Thread 0x000000001de69800  682       3       org.graphstream.ui.graphicGraph.StyleGroup::getValue (139 bytes)
Event: 2.361 Thread 0x000000001de69000 nmethod 663 0x0000000002769790 code [0x00000000027698e0, 0x0000000002769a58]
Event: 2.361 Thread 0x000000001de69000  662   !   4       layers.layerCell::$SWITCH_TABLE$layers$layerCell$typeNeighbourhood (61 bytes)
Event: 2.361 Thread 0x000000001de69800 nmethod 682 0x00000000027707d0 code [0x0000000002770a40, 0x0000000002771b28]
Event: 2.361 Thread 0x000000001de69000 nmethod 662 0x0000000002770590 code [0x00000000027706c0, 0x0000000002770738]
Event: 2.361 Thread 0x000000001de69000  661       4       java.util.Arrays::copyOf (46 bytes)

GC Heap History (0 events):
No events

Deoptimization events (10 events):
Event: 0.884 Thread 0x00000000023d3000 Uncommon trap: reason=class_check action=maybe_recompile pc=0x0000000002636cc0 method=java.util.ArrayList.indexOf(Ljava/lang/Object;)I @ 51
Event: 0.884 Thread 0x00000000023d3000 Uncommon trap: reason=class_check action=maybe_recompile pc=0x00000000026366b4 method=java.util.ArrayList.indexOf(Ljava/lang/Object;)I @ 51
Event: 1.578 Thread 0x00000000023d3000 Uncommon trap: reason=unstable_if action=reinterpret pc=0x000000000263d348 method=java.util.ArrayList$Itr.hasNext()Z @ 11
Event: 1.981 Thread 0x00000000023d3000 Uncommon trap: reason=unstable_if action=reinterpret pc=0x0000000002632454 method=java.lang.Object.equals(Ljava/lang/Object;)Z @ 2
Event: 2.227 Thread 0x00000000023d3000 Uncommon trap: reason=bimorphic action=maybe_recompile pc=0x0000000002637e30 method=java.util.ArrayList.indexOf(Ljava/lang/Object;)I @ 51
Event: 2.227 Thread 0x00000000023d3000 Uncommon trap: reason=bimorphic action=maybe_recompile pc=0x0000000002637e30 method=java.util.ArrayList.indexOf(Ljava/lang/Object;)I @ 51
Event: 2.227 Thread 0x00000000023d3000 Uncommon trap: reason=bimorphic action=maybe_recompile pc=0x0000000002637e30 method=java.util.ArrayList.indexOf(Ljava/lang/Object;)I @ 51
Event: 2.227 Thread 0x00000000023d3000 Uncommon trap: reason=bimorphic action=maybe_recompile pc=0x0000000002637e30 method=java.util.ArrayList.indexOf(Ljava/lang/Object;)I @ 51
Event: 2.259 Thread 0x000000001f6c9000 Uncommon trap: reason=bimorphic action=maybe_recompile pc=0x000000000263c39c method=java.util.ArrayList.indexOf(Ljava/lang/Object;)I @ 51
Event: 2.342 Thread 0x00000000023d3000 Uncommon trap: reason=unstable_if action=reinterpret pc=0x00000000027531ec method=layers.layerCell.checkCell(II)I @ 4

Classes redefined (0 events):
No events

Internal exceptions (10 events):
Event: 2.339 Thread 0x00000000023d3000 Exception <a 'java/lang/NullPointerException'> (0x000000076dfca7b8) thrown at [C:\re\workspace\8-2-build-windows-amd64-cygwin\jdk8u162\10278\hotspot\src\share\vm\interpreter\linkResolver.cpp, line 1185]
Event: 2.339 Thread 0x00000000023d3000 Exception <a 'java/lang/NullPointerException'> (0x000000076dfca9c0) thrown at [C:\re\workspace\8-2-build-windows-amd64-cygwin\jdk8u162\10278\hotspot\src\share\vm\interpreter\linkResolver.cpp, line 1185]
Event: 2.339 Thread 0x00000000023d3000 Exception <a 'java/lang/NullPointerException'> (0x000000076dfcabc8) thrown at [C:\re\workspace\8-2-build-windows-amd64-cygwin\jdk8u162\10278\hotspot\src\share\vm\interpreter\linkResolver.cpp, line 1185]
Event: 2.339 Thread 0x00000000023d3000 Exception <a 'java/lang/NullPointerException'> (0x000000076dfcadd0) thrown at [C:\re\workspace\8-2-build-windows-amd64-cygwin\jdk8u162\10278\hotspot\src\share\vm\interpreter\linkResolver.cpp, line 1185]
Event: 2.339 Thread 0x00000000023d3000 Exception <a 'java/lang/NullPointerException'> (0x000000076dfcafd8) thrown at [C:\re\workspace\8-2-build-windows-amd64-cygwin\jdk8u162\10278\hotspot\src\share\vm\interpreter\linkResolver.cpp, line 1185]
Event: 2.339 Thread 0x00000000023d3000 Exception <a 'java/lang/NullPointerException'> (0x000000076dfcb1e0) thrown at [C:\re\workspace\8-2-build-windows-amd64-cygwin\jdk8u162\10278\hotspot\src\share\vm\interpreter\linkResolver.cpp, line 1185]
Event: 2.339 Thread 0x00000000023d3000 Exception <a 'java/lang/NullPointerException'> (0x000000076dfcb3e8) thrown at [C:\re\workspace\8-2-build-windows-amd64-cygwin\jdk8u162\10278\hotspot\src\share\vm\interpreter\linkResolver.cpp, line 1185]
Event: 2.339 Thread 0x00000000023d3000 Exception <a 'java/lang/NullPointerException'> (0x000000076dfcb5f0) thrown at [C:\re\workspace\8-2-build-windows-amd64-cygwin\jdk8u162\10278\hotspot\src\share\vm\interpreter\linkResolver.cpp, line 1185]
Event: 2.339 Thread 0x00000000023d3000 Exception <a 'java/lang/NullPointerException'> (0x000000076dfcb7f8) thrown at [C:\re\workspace\8-2-build-windows-amd64-cygwin\jdk8u162\10278\hotspot\src\share\vm\interpreter\linkResolver.cpp, line 1185]
Event: 2.339 Thread 0x00000000023d3000 Exception <a 'java/lang/NullPointerException'> (0x000000076dfcba00) thrown at [C:\re\workspace\8-2-build-windows-amd64-cygwin\jdk8u162\10278\hotspot\src\share\vm\interpreter\linkResolver.cpp, line 1185]

Events (10 events):
Event: 2.351 loading class java/util/ArrayList$ListItr
Event: 2.351 loading class java/util/ArrayList$ListItr done
Event: 2.351 Executing VM operation: Deoptimize
Event: 2.351 Executing VM operation: Deoptimize done
Event: 2.351 Thread 0x00000000023d3000 DEOPT PACKING pc=0x0000000002754bdc sp=0x00000000023cee60
Event: 2.351 Thread 0x00000000023d3000 DEOPT UNPACKING pc=0x0000000002517890 sp=0x00000000023cec08 mode 0
Event: 2.351 loading class sun/awt/CausedFocusEvent$Cause
Event: 2.351 loading class sun/awt/CausedFocusEvent$Cause done
Event: 2.352 loading class java/awt/KeyboardFocusManager$HeavyweightFocusRequest
Event: 2.352 loading class java/awt/KeyboardFocusManager$HeavyweightFocusRequest done


Dynamic libraries:
0x00007ff657270000 - 0x00007ff6572a7000 	C:\Program Files\Java\jre1.8.0_162\bin\javaw.exe
0x00007ffcd25a0000 - 0x00007ffcd2781000 	C:\WINDOWS\SYSTEM32\ntdll.dll
0x00007ffcc1ca0000 - 0x00007ffcc1cb4000 	C:\Program Files\AVAST Software\Avast\x64\aswhooka.dll
0x00007ffcd1950000 - 0x00007ffcd1a02000 	C:\WINDOWS\System32\KERNEL32.DLL
0x00007ffcce9f0000 - 0x00007ffccec63000 	C:\WINDOWS\System32\KERNELBASE.dll
0x00007ffcd1a10000 - 0x00007ffcd1ab1000 	C:\WINDOWS\System32\ADVAPI32.dll
0x00007ffcd2310000 - 0x00007ffcd23ae000 	C:\WINDOWS\System32\msvcrt.dll
0x00007ffcd1810000 - 0x00007ffcd186b000 	C:\WINDOWS\System32\sechost.dll
0x00007ffcd23e0000 - 0x00007ffcd2504000 	C:\WINDOWS\System32\RPCRT4.dll
0x00007ffcd1530000 - 0x00007ffcd16c0000 	C:\WINDOWS\System32\USER32.dll
0x00007ffccf300000 - 0x00007ffccf320000 	C:\WINDOWS\System32\win32u.dll
0x00007ffcd1030000 - 0x00007ffcd1058000 	C:\WINDOWS\System32\GDI32.dll
0x00007ffccf100000 - 0x00007ffccf292000 	C:\WINDOWS\System32\gdi32full.dll
0x00007ffcced20000 - 0x00007ffccedbf000 	C:\WINDOWS\System32\msvcp_win.dll
0x00007ffccefb0000 - 0x00007ffccf0aa000 	C:\WINDOWS\System32\ucrtbase.dll
0x00007ffcc0930000 - 0x00007ffcc0b99000 	C:\WINDOWS\WinSxS\amd64_microsoft.windows.common-controls_6595b64144ccf1df_6.0.17134.407_none_fb449d63306391e9\COMCTL32.dll
0x00007ffcd1fc0000 - 0x00007ffcd22e2000 	C:\WINDOWS\System32\combase.dll
0x00007ffcce970000 - 0x00007ffcce9ea000 	C:\WINDOWS\System32\bcryptPrimitives.dll
0x00007ffcd23b0000 - 0x00007ffcd23dd000 	C:\WINDOWS\System32\IMM32.DLL
0x0000000055100000 - 0x00000000551d1000 	C:\Program Files\Java\jre1.8.0_162\bin\msvcr100.dll
0x00000000551e0000 - 0x0000000055a80000 	C:\Program Files\Java\jre1.8.0_162\bin\server\jvm.dll
0x00007ffcd1200000 - 0x00007ffcd1208000 	C:\WINDOWS\System32\PSAPI.DLL
0x00007ffcb6230000 - 0x00007ffcb6239000 	C:\WINDOWS\SYSTEM32\WSOCK32.dll
0x00007ffcd18e0000 - 0x00007ffcd194c000 	C:\WINDOWS\System32\WS2_32.dll
0x00007ffcc9160000 - 0x00007ffcc9183000 	C:\WINDOWS\SYSTEM32\WINMM.dll
0x00007ffcc67c0000 - 0x00007ffcc67ca000 	C:\WINDOWS\SYSTEM32\VERSION.dll
0x00007ffcc89f0000 - 0x00007ffcc8a1a000 	C:\WINDOWS\SYSTEM32\WINMMBASE.dll
0x00007ffccf0b0000 - 0x00007ffccf0f9000 	C:\WINDOWS\System32\cfgmgr32.dll
0x0000000055f90000 - 0x0000000055f9f000 	C:\Program Files\Java\jre1.8.0_162\bin\verify.dll
0x0000000055f60000 - 0x0000000055f89000 	C:\Program Files\Java\jre1.8.0_162\bin\java.dll
0x0000000055e50000 - 0x0000000055e85000 	C:\Program Files\Java\jre1.8.0_162\bin\jdwp.dll
0x0000000055e40000 - 0x0000000055e48000 	C:\Program Files\Java\jre1.8.0_162\bin\npt.dll
0x0000000055f40000 - 0x0000000055f56000 	C:\Program Files\Java\jre1.8.0_162\bin\zip.dll
0x00007ffccfa30000 - 0x00007ffcd0e6f000 	C:\WINDOWS\System32\SHELL32.dll
0x00007ffcd1480000 - 0x00007ffcd1529000 	C:\WINDOWS\System32\shcore.dll
0x00007ffccf320000 - 0x00007ffccfa2d000 	C:\WINDOWS\System32\windows.storage.dll
0x00007ffcd2510000 - 0x00007ffcd2561000 	C:\WINDOWS\System32\shlwapi.dll
0x00007ffcce930000 - 0x00007ffcce941000 	C:\WINDOWS\System32\kernel.appcore.dll
0x00007ffcce950000 - 0x00007ffcce96f000 	C:\WINDOWS\System32\profapi.dll
0x00007ffcce8e0000 - 0x00007ffcce92c000 	C:\WINDOWS\System32\powrprof.dll
0x00007ffcce8d0000 - 0x00007ffcce8da000 	C:\WINDOWS\System32\FLTLIB.DLL
0x0000000055e30000 - 0x0000000055e39000 	C:\Program Files\Java\jre1.8.0_162\bin\dt_socket.dll
0x00007ffcaddc0000 - 0x00007ffcaddd6000 	C:\WINDOWS\system32\napinsp.dll
0x00007ffcadd00000 - 0x00007ffcadd1a000 	C:\WINDOWS\system32\pnrpnsp.dll
0x00007ffcc8150000 - 0x00007ffcc8169000 	C:\WINDOWS\system32\NLAapi.dll
0x00007ffcce130000 - 0x00007ffcce196000 	C:\WINDOWS\System32\mswsock.dll
0x00007ffccdef0000 - 0x00007ffccdfae000 	C:\WINDOWS\SYSTEM32\DNSAPI.dll
0x00007ffcd1b60000 - 0x00007ffcd1b68000 	C:\WINDOWS\System32\NSI.dll
0x00007ffccdeb0000 - 0x00007ffccdee8000 	C:\WINDOWS\SYSTEM32\IPHLPAPI.DLL
0x00007ffcadcf0000 - 0x00007ffcadcfe000 	C:\WINDOWS\System32\winrnr.dll
0x00007ffcb9f70000 - 0x00007ffcb9f85000 	C:\WINDOWS\System32\wshbth.dll
0x00007ffcc5720000 - 0x00007ffcc5792000 	C:\WINDOWS\System32\fwpuclnt.dll
0x00007ffcce410000 - 0x00007ffcce435000 	C:\WINDOWS\SYSTEM32\bcrypt.dll
0x00007ffcc55d0000 - 0x00007ffcc55da000 	C:\Windows\System32\rasadhlp.dll
0x0000000054f60000 - 0x00000000550f8000 	C:\Program Files\Java\jre1.8.0_162\bin\awt.dll
0x00007ffcd1740000 - 0x00007ffcd1802000 	C:\WINDOWS\System32\OLEAUT32.dll
0x00007ffcc9930000 - 0x00007ffcc99bb000 	C:\WINDOWS\SYSTEM32\apphelp.dll
0x00007ffcc9ab0000 - 0x00007ffcc9b48000 	C:\WINDOWS\system32\uxtheme.dll
0x00007ffcd1300000 - 0x00007ffcd1473000 	C:\WINDOWS\System32\MSCTF.dll
0x00007ffcc9d40000 - 0x00007ffcc9d69000 	C:\WINDOWS\system32\dwmapi.dll
0x00007ffcd0e70000 - 0x00007ffcd0fc1000 	C:\WINDOWS\System32\ole32.dll
0x00007ffca0660000 - 0x00007ffca0780000 	C:\WINDOWS\system32\opengl32.dll
0x00007ffcc2200000 - 0x00007ffcc222c000 	C:\WINDOWS\SYSTEM32\GLU32.dll
0x00007ffc9c570000 - 0x00007ffc9c707000 	C:\WINDOWS\system32\d3d9.dll
0x00007ffcc2540000 - 0x00007ffcc2621000 	C:\WINDOWS\System32\DriverStore\FileRepository\nvbl.inf_amd64_aa900d663b62b12b\nvldumdx.dll
0x00007ffccedc0000 - 0x00007ffccefa2000 	C:\WINDOWS\System32\crypt32.dll
0x00007ffcce8b0000 - 0x00007ffcce8c2000 	C:\WINDOWS\System32\MSASN1.dll
0x00007ffccf2a0000 - 0x00007ffccf2f7000 	C:\WINDOWS\System32\WINTRUST.DLL
0x00007ffcd22f0000 - 0x00007ffcd230d000 	C:\WINDOWS\System32\imagehlp.dll
0x00007ffcce2e0000 - 0x00007ffcce2f7000 	C:\WINDOWS\SYSTEM32\CRYPTSP.dll
0x00007ffccdd10000 - 0x00007ffccdd43000 	C:\WINDOWS\system32\rsaenh.dll
0x00007ffcce300000 - 0x00007ffcce30b000 	C:\WINDOWS\SYSTEM32\CRYPTBASE.dll
0x00007ffc94510000 - 0x00007ffc95678000 	C:\WINDOWS\System32\DriverStore\FileRepository\nvbl.inf_amd64_aa900d663b62b12b\nvd3dumx.dll
0x0000000054f10000 - 0x0000000054f57000 	C:\Program Files\Java\jre1.8.0_162\bin\fontmanager.dll
0x00007ffcc6a10000 - 0x00007ffcc6aa6000 	C:\WINDOWS\System32\TextInputFramework.dll
0x00007ffcc4960000 - 0x00007ffcc4c7e000 	C:\WINDOWS\System32\CoreUIComponents.dll
0x00007ffcc9730000 - 0x00007ffcc980a000 	C:\WINDOWS\System32\CoreMessaging.dll
0x00007ffccd9a0000 - 0x00007ffccd9d1000 	C:\WINDOWS\SYSTEM32\ntmarta.dll
0x00007ffcc7830000 - 0x00007ffcc797d000 	C:\WINDOWS\SYSTEM32\wintypes.dll

VM Arguments:
jvm_args: -agentlib:jdwp=transport=dt_socket,suspend=y,address=localhost:55814 -Dfile.encoding=Cp1252 
java_command: run.runSim
java_class_path (initial): C:\Program Files\Java\jre1.8.0_162\lib\resources.jar;C:\Program Files\Java\jre1.8.0_162\lib\rt.jar;C:\Program Files\Java\jre1.8.0_162\lib\jsse.jar;C:\Program Files\Java\jre1.8.0_162\lib\jce.jar;C:\Program Files\Java\jre1.8.0_162\lib\charsets.jar;C:\Program Files\Java\jre1.8.0_162\lib\jfr.jar;C:\Program Files\Java\jre1.8.0_162\lib\ext\access-bridge-64.jar;C:\Program Files\Java\jre1.8.0_162\lib\ext\cldrdata.jar;C:\Program Files\Java\jre1.8.0_162\lib\ext\dnsns.jar;C:\Program Files\Java\jre1.8.0_162\lib\ext\jaccess.jar;C:\Program Files\Java\jre1.8.0_162\lib\ext\jfxrt.jar;C:\Program Files\Java\jre1.8.0_162\lib\ext\localedata.jar;C:\Program Files\Java\jre1.8.0_162\lib\ext\nashorn.jar;C:\Program Files\Java\jre1.8.0_162\lib\ext\sunec.jar;C:\Program Files\Java\jre1.8.0_162\lib\ext\sunjce_provider.jar;C:\Program Files\Java\jre1.8.0_162\lib\ext\sunmscapi.jar;C:\Program Files\Java\jre1.8.0_162\lib\ext\sunpkcs11.jar;C:\Program Files\Java\jre1.8.0_162\lib\ext\zipfs.jar;D:\eclipse\eclipse_workshop\RdmGridToNet_03\RdmGridToNet_03\bin;D:\ownCloud\JAVA\libraries\graphstream\gs-algo-1.3.jar;D:\ownCloud\JAVA\libraries\graphstream\gs-core-1.3.jar;D:\ownCloud\JAVA\libraries\graphstream\gs-ui-1.3.jar
Launcher Type: SUN_STANDARD

Environment Variables:
PATH=C:/Program Files/Java/jre1.8.0_162/bin/server;C:/Program Files/Java/jre1.8.0_162/bin;C:/Program Files/Java/jre1.8.0_162/lib/amd64;C:\ProgramData\Oracle\Java\javapath;C:\Program Files (x86)\Intel\iCLS Client\;C:\Program Files\Intel\iCLS Client\;C:\WINDOWS\system32;C:\WINDOWS;C:\WINDOWS\System32\Wbem;C:\WINDOWS\System32\WindowsPowerShell\v1.0\;C:\Program Files (x86)\Intel\Intel(R) Management Engine Components\DAL;C:\Program Files\Intel\Intel(R) Management Engine Components\DAL;C:\Program Files (x86)\Intel\Intel(R) Management Engine Components\IPT;C:\Program Files\Intel\Intel(R) Management Engine Components\IPT;C:\WINDOWS\System32\OpenSSH\;C:\Program Files\Intel\WiFi\bin\;C:\Program Files\Common Files\Intel\WirelessCommon\;C:\Users\tiricom\AppData\Local\Microsoft\WindowsApps;C:\Program Files\Intel\WiFi\bin\;C:\Program Files\Common Files\Intel\WirelessCommon\;C:\texlive\2017\bin\win32;;C:\WINDOWS\System32;
USERNAME=tiricom
OS=Windows_NT
PROCESSOR_IDENTIFIER=Intel64 Family 6 Model 94 Stepping 3, GenuineIntel



---------------  S Y S T E M  ---------------

OS: Windows 10.0 , 64 bit Build 17134 (10.0.17134.1)

CPU:total 8 (initial active 8) (4 cores per cpu, 2 threads per core) family 6 model 94 stepping 3, cmov, cx8, fxsr, mmx, sse, sse2, sse3, ssse3, sse4.1, sse4.2, popcnt, avx, avx2, aes, clmul, erms, rtm, 3dnowpref, lzcnt, ht, tsc, tscinvbit, bmi1, bmi2, adx

Memory: 4k page, physical 16695892k(6963920k free), swap 49062864k(3908k free)

vm_info: Java HotSpot(TM) 64-Bit Server VM (25.162-b12) for windows-amd64 JRE (1.8.0_162-b12), built on Dec 19 2017 20:00:03 by "java_re" with MS VC++ 10.0 (VS2010)

time: Fri Dec 07 12:45:32 2018
elapsed time: 2 seconds (0d 0h 0m 2s)

